0 info it worked if it ends with ok
1 verbose cli [ '/usr/local/Cellar/node/6.2.0/bin/node',
1 verbose cli   '/usr/local/bin/npm',
1 verbose cli   'run',
1 verbose cli   'webdriver-manager',
1 verbose cli   'start' ]
2 info using npm@3.9.6
3 info using node@v6.2.0
4 verbose run-script [ 'prewebdriver-manager',
4 verbose run-script   'webdriver-manager',
4 verbose run-script   'postwebdriver-manager' ]
5 info lifecycle ionic-project@1.1.1~prewebdriver-manager: ionic-project@1.1.1
6 silly lifecycle ionic-project@1.1.1~prewebdriver-manager: no script for prewebdriver-manager, continuing
7 info lifecycle ionic-project@1.1.1~webdriver-manager: ionic-project@1.1.1
8 verbose lifecycle ionic-project@1.1.1~webdriver-manager: unsafe-perm in lifecycle true
9 verbose lifecycle ionic-project@1.1.1~webdriver-manager: PATH: /usr/local/lib/node_modules/npm/bin/node-gyp-bin:/Users/wrumble/Desktop/projects/splitter-frontend/node_modules/.bin:/usr/local/Cellar/node/6.2.0/bin:/Users/wrumble/bin:/usr/local/bin:/usr/bin:/bin:/usr/sbin:/sbin
10 verbose lifecycle ionic-project@1.1.1~webdriver-manager: CWD: /Users/wrumble/Desktop/projects/splitter-frontend
11 silly lifecycle ionic-project@1.1.1~webdriver-manager: Args: [ '-c',
11 silly lifecycle   './node_modules/protractor/bin/webdriver-manager "start"' ]
12 info lifecycle ionic-project@1.1.1~webdriver-manager: Failed to exec webdriver-manager script
13 verbose stack Error: ionic-project@1.1.1 webdriver-manager: `./node_modules/protractor/bin/webdriver-manager "start"`
13 verbose stack spawn ENOENT
13 verbose stack     at ChildProcess.<anonymous> (/usr/local/lib/node_modules/npm/lib/utils/spawn.js:17:16)
13 verbose stack     at emitTwo (events.js:106:13)
13 verbose stack     at ChildProcess.emit (events.js:191:7)
13 verbose stack     at maybeClose (internal/child_process.js:850:16)
13 verbose stack     at Process.ChildProcess._handle.onexit (internal/child_process.js:215:5)
14 verbose pkgid ionic-project@1.1.1
15 verbose cwd /Users/wrumble/Desktop/projects/splitter-frontend
16 error Darwin 15.5.0
17 error argv "/usr/local/Cellar/node/6.2.0/bin/node" "/usr/local/bin/npm" "run" "webdriver-manager" "start"
18 error node v6.2.0
19 error npm  v3.9.6
20 error file sh
21 error code ELIFECYCLE
22 error errno ENOENT
23 error syscall spawn
24 error ionic-project@1.1.1 webdriver-manager: `./node_modules/protractor/bin/webdriver-manager "start"`
24 error spawn ENOENT
25 error Failed at the ionic-project@1.1.1 webdriver-manager script './node_modules/protractor/bin/webdriver-manager "start"'.
25 error Make sure you have the latest version of node.js and npm installed.
25 error If you do, this is most likely a problem with the ionic-project package,
25 error not with npm itself.
25 error Tell the author that this fails on your system:
25 error     ./node_modules/protractor/bin/webdriver-manager "start"
25 error You can get information on how to open an issue for this project with:
25 error     npm bugs ionic-project
25 error Or if that isn't available, you can get their info via:
25 error     npm owner ls ionic-project
25 error There is likely additional logging output above.
26 verbose exit [ 1, true ]
